<?xml version="1.0" encoding="UTF-8"?>
<!-- Generated by org.testng.reporters.JUnitReportReporter -->
<testsuite hostname="DESKTOP-OFACCIB" failures="0" tests="1" name="testing.ActivityJava" time="2.937" errors="0" timestamp="2021-06-10T12:52:59 CDT" skipped="0">
  <testcase classname="testing.ActivityJava" name="completePurchaseTestCase" time="2.937"/>
  <system-out/>
</testsuite> <!-- testing.ActivityJava -->
